Building...
info: Microsoft.Hosting.Lifetime[14]
      Now listening on: http://localhost:5285
info: Microsoft.Hosting.Lifetime[0]
      Application started. Press Ctrl+C to shut down.
info: Microsoft.Hosting.Lifetime[0]
      Hosting environment: Development
info: Microsoft.Hosting.Lifetime[0]
      Content root path: /home/amiri/projects/devwiki/devwiki/DevWiki.API
warn: LuckyPennySoftware.MediatR.License[0]
      You do not have a valid license key for the Lucky Penny software MediatR. This is allowed for development and testing scenarios. If you are running in production you are required to have a licensed version. Please visit https://luckypennysoftware.com to obtain a valid license.
info: Microsoft.EntityFrameworkCore.Database.Command[20101]
      Executed DbCommand (113ms) [Parameters=[@__request_Username_0='?'], CommandType='Text', CommandTimeout='30']
      SELECT EXISTS (
          SELECT 1
          FROM "Users" AS u
          WHERE u."Username" = @__request_Username_0)
info: Microsoft.EntityFrameworkCore.Database.Command[20101]
      Executed DbCommand (28ms) [Parameters=[@p0='?' (DbType = Guid), @p1='?', @p2='?', @p3='?'], CommandType='Text', CommandTimeout='30']
      INSERT INTO "Users" ("Id", "PasswordHash", "Role", "Username")
      VALUES (@p0, @p1, @p2, @p3);
info: Microsoft.EntityFrameworkCore.Database.Command[20101]
      Executed DbCommand (1ms) [Parameters=[@__request_Username_0='?'], CommandType='Text', CommandTimeout='30']
      SELECT u."Id", u."PasswordHash", u."Role", u."Username"
      FROM "Users" AS u
      WHERE u."Username" = @__request_Username_0
      LIMIT 1
